# JRE version: OpenJDK Runtime Environment (21.0.8) (build 21.0.8+-14196175-b1038.72)
# Java VM: OpenJDK 64-Bit Server VM (21.0.8+-14196175-b1038.72, mixed mode, tiered, compressed oops, compressed class ptrs, g1 gc, windows-amd64)
GC Precious Log:
 CardTable entry size: 512
 Card Set container configuration: InlinePtr #cards 5 size 8 Array Of Cards #cards 12 size 40 Howl #buckets 4 coarsen threshold 1843 Howl Bitmap #cards 512 size 80 coarsen threshold 460 Card regions per heap region 1 cards per card region 2048
 CPUs: 12 total, 12 available
 Memory: 16052M
 Large Page Support: Disabled
 NUMA Support: Disabled
 Compressed Oops: Enabled (32-bit)
 Heap Region Size: 1M
 Heap Min Capacity: 8M
 Heap Initial Capacity: 252M
 Heap Max Capacity: 2G
 Pre-touch: Disabled
 Parallel Workers: 10
 Concurrent Workers: 3
 Concurrent Refinement Workers: 10
 Periodic GC: Disabled
Heap:
 garbage-first heap   total 185344K, used 134403K [0x0000000080000000, 0x0000000100000000)
  region size 1024K, 8 young (8192K), 7 survivors (7168K)
 Metaspace       used 126031K, committed 128256K, reserved 1179648K
  class space    used 17466K, committed 18560K, reserved 1048576K
GC Heap History (20 events):
Event: 28.344 GC heap before
{Heap before GC invocations=28 (full 0):
 garbage-first heap   total 152576K, used 130605K [0x0000000080000000, 0x0000000100000000)
  region size 1024K, 42 young (43008K), 4 survivors (4096K)
 Metaspace       used 92485K, committed 94400K, reserved 1179648K
  class space    used 12757K, committed 13696K, reserved 1048576K
}
Event: 28.348 GC heap after
{Heap after GC invocations=29 (full 0):
 garbage-first heap   total 183296K, used 90956K [0x0000000080000000, 0x0000000100000000)
  region size 1024K, 6 young (6144K), 6 survivors (6144K)
 Metaspace       used 92485K, committed 94400K, reserved 1179648K
  class space    used 12757K, committed 13696K, reserved 1048576K
}
Event: 29.003 GC heap before
{Heap before GC invocations=29 (full 0):
 garbage-first heap   total 183296K, used 154444K [0x0000000080000000, 0x0000000100000000)
  region size 1024K, 65 young (66560K), 6 survivors (6144K)
 Metaspace       used 98337K, committed 100352K, reserved 1179648K
  class space    used 13540K, committed 14528K, reserved 1048576K
}
Event: 29.008 GC heap after
{Heap after GC invocations=30 (full 0):
 garbage-first heap   total 183296K, used 97157K [0x0000000080000000, 0x0000000100000000)
  region size 1024K, 8 young (8192K), 8 survivors (8192K)
 Metaspace       used 98337K, committed 100352K, reserved 1179648K
  class space    used 13540K, committed 14528K, reserved 1048576K
}
Event: 29.631 GC heap before
{Heap before GC invocations=30 (full 0):
 garbage-first heap   total 183296K, used 156549K [0x0000000080000000, 0x0000000100000000)
  region size 1024K, 66 young (67584K), 8 survivors (8192K)
 Metaspace       used 102373K, committed 104384K, reserved 1179648K
  class space    used 14121K, committed 15104K, reserved 1048576K
}
Event: 29.636 GC heap after
{Heap after GC invocations=31 (full 0):
 garbage-first heap   total 183296K, used 101660K [0x0000000080000000, 0x0000000100000000)
  region size 1024K, 8 young (8192K), 8 survivors (8192K)
 Metaspace       used 102373K, committed 104384K, reserved 1179648K
  class space    used 14121K, committed 15104K, reserved 1048576K
}
Event: 30.024 GC heap before
{Heap before GC invocations=31 (full 0):
 garbage-first heap   total 183296K, used 159004K [0x0000000080000000, 0x0000000100000000)
  region size 1024K, 64 young (65536K), 8 survivors (8192K)
 Metaspace       used 105113K, committed 107136K, reserved 1179648K
  class space    used 14489K, committed 15488K, reserved 1048576K
}
Event: 30.029 GC heap after
{Heap after GC invocations=32 (full 0):
 garbage-first heap   total 183296K, used 104190K [0x0000000080000000, 0x0000000100000000)
  region size 1024K, 4 young (4096K), 4 survivors (4096K)
 Metaspace       used 105113K, committed 107136K, reserved 1179648K
  class space    used 14489K, committed 15488K, reserved 1048576K
}
Event: 30.742 GC heap before
{Heap before GC invocations=33 (full 0):
 garbage-first heap   total 183296K, used 162558K [0x0000000080000000, 0x0000000100000000)
  region size 1024K, 61 young (62464K), 4 survivors (4096K)
 Metaspace       used 109715K, committed 111808K, reserved 1179648K
  class space    used 15293K, committed 16320K, reserved 1048576K
}
Event: 30.747 GC heap after
{Heap after GC invocations=34 (full 0):
 garbage-first heap   total 183296K, used 106305K [0x0000000080000000, 0x0000000100000000)
  region size 1024K, 6 young (6144K), 6 survivors (6144K)
 Metaspace       used 109715K, committed 111808K, reserved 1179648K
  class space    used 15293K, committed 16320K, reserved 1048576K
}
Event: 31.402 GC heap before
{Heap before GC invocations=34 (full 0):
 garbage-first heap   total 183296K, used 165697K [0x0000000080000000, 0x0000000100000000)
  region size 1024K, 64 young (65536K), 6 survivors (6144K)
 Metaspace       used 114035K, committed 116160K, reserved 1179648K
  class space    used 15936K, committed 16960K, reserved 1048576K
}
Event: 31.409 GC heap after
{Heap after GC invocations=35 (full 0):
 garbage-first heap   total 183296K, used 107050K [0x0000000080000000, 0x0000000100000000)
  region size 1024K, 5 young (5120K), 5 survivors (5120K)
 Metaspace       used 114035K, committed 116160K, reserved 1179648K
  class space    used 15936K, committed 16960K, reserved 1048576K
}
Event: 31.942 GC heap before
{Heap before GC invocations=35 (full 0):
 garbage-first heap   total 183296K, used 167466K [0x0000000080000000, 0x0000000100000000)
  region size 1024K, 64 young (65536K), 5 survivors (5120K)
 Metaspace       used 118979K, committed 121152K, reserved 1179648K
  class space    used 16708K, committed 17728K, reserved 1048576K
}
Event: 31.946 GC heap after
{Heap after GC invocations=36 (full 0):
 garbage-first heap   total 183296K, used 110176K [0x0000000080000000, 0x0000000100000000)
  region size 1024K, 6 young (6144K), 6 survivors (6144K)
 Metaspace       used 118979K, committed 121152K, reserved 1179648K
  class space    used 16708K, committed 17728K, reserved 1048576K
}
Event: 32.475 GC heap before
{Heap before GC invocations=37 (full 0):
 garbage-first heap   total 184320K, used 167520K [0x0000000080000000, 0x0000000100000000)
  region size 1024K, 62 young (63488K), 6 survivors (6144K)
 Metaspace       used 123059K, committed 125248K, reserved 1179648K
  class space    used 17277K, committed 18368K, reserved 1048576K
}
Event: 32.480 GC heap after
{Heap after GC invocations=38 (full 0):
 garbage-first heap   total 184320K, used 114126K [0x0000000080000000, 0x0000000100000000)
  region size 1024K, 7 young (7168K), 7 survivors (7168K)
 Metaspace       used 123059K, committed 125248K, reserved 1179648K
  class space    used 17277K, committed 18368K, reserved 1048576K
}
Event: 32.742 GC heap before
{Heap before GC invocations=38 (full 0):
 garbage-first heap   total 184320K, used 167374K [0x0000000080000000, 0x0000000100000000)
  region size 1024K, 59 young (60416K), 7 survivors (7168K)
 Metaspace       used 123727K, committed 125952K, reserved 1179648K
  class space    used 17358K, committed 18432K, reserved 1048576K
}
Event: 32.749 GC heap after
{Heap after GC invocations=39 (full 0):
 garbage-first heap   total 185344K, used 121308K [0x0000000080000000, 0x0000000100000000)
  region size 1024K, 8 young (8192K), 8 survivors (8192K)
 Metaspace       used 123727K, committed 125952K, reserved 1179648K
  class space    used 17358K, committed 18432K, reserved 1048576K
}
Event: 32.995 GC heap before
{Heap before GC invocations=39 (full 0):
 garbage-first heap   total 185344K, used 154076K [0x0000000080000000, 0x0000000100000000)
  region size 1024K, 42 young (43008K), 8 survivors (8192K)
 Metaspace       used 125149K, committed 127360K, reserved 1179648K
  class space    used 17456K, committed 18560K, reserved 1048576K
}
Event: 33.002 GC heap after
{Heap after GC invocations=40 (full 0):
 garbage-first heap   total 185344K, used 129283K [0x0000000080000000, 0x0000000100000000)
  region size 1024K, 7 young (7168K), 7 survivors (7168K)
 Metaspace       used 125149K, committed 127360K, reserved 1179648K
  class space    used 17456K, committed 18560K, reserved 1048576K
}

